<?xml version="1.0" encoding="UTF-8"?>
<!-- Generated by org.testng.reporters.JUnitXMLReporter -->
<testsuite ignored="0" hostname="LAPTOP-31QF9S5P" failures="0" tests="5" name="ChromeTest" time="0.162" errors="0" timestamp="2022-03-10T20:23:30 IST">
  <testcase classname="acti123.TestClassNG" name="@BeforeMethod logInToActiTime" time="0.001">
    <failure type="java.lang.NullPointerException" message="Cannot invoke &amp;quot;org.openqa.selenium.WebDriver.get(String)&amp;quot; because &amp;quot;this.driver&amp;quot; is null">
      <![CDATA[java.lang.NullPointerException: Cannot invoke "org.openqa.selenium.WebDriver.get(String)" because "this.driver" is null
at acti123.TestClassNG.logInToActiTime(TestClassNG.java:78)
at java.base/java.util.concurrent.ThreadPoolExecutor.runWorker(ThreadPoolExecutor.java:1136)
at java.base/java.util.concurrent.ThreadPoolExecutor$Worker.run(ThreadPoolExecutor.java:635)
at java.base/java.lang.Thread.run(Thread.java:833)
... Removed 16 stack frames]]>
    </failure>
  </testcase> <!-- @BeforeMethod logInToActiTime -->
  <testcase classname="acti123.TestClassNG" name="@AfterMethod logOutfromActiTime" time="-1.64692401004E9">
    <skipped/>
  </testcase> <!-- @AfterMethod logOutfromActiTime -->
  <testcase classname="acti123.TestClassNG" name="@BeforeMethod logInToActiTime" time="-1.646924010041E9">
    <skipped/>
  </testcase> <!-- @BeforeMethod logInToActiTime -->
  <testcase classname="acti123.TestClassNG" name="@AfterMethod logOutfromActiTime" time="-1.646924010045E9">
    <skipped/>
  </testcase> <!-- @AfterMethod logOutfromActiTime -->
  <testcase classname="acti123.TestClassNG" name="@AfterClass clearPOMObject" time="-1.646924010045E9">
    <skipped/>
  </testcase> <!-- @AfterClass clearPOMObject -->
  <testcase classname="acti123.TestClassNG" name="@AfterTest closeBrowser" time="-1.646924010048E9">
    <skipped/>
  </testcase> <!-- @AfterTest closeBrowser -->
  <testcase classname="acti123.TestClassPrac" name="test1111" time="0.003"/>
  <testcase classname="acti123.TestClassPrac" name="test2222" time="0.001"/>
  <testcase classname="acti123.TestClassPrac" name="test3333" time="0.001"/>
  <testcase classname="acti123.TestClassNG" name="verifyTask" time="0.0">
    <skipped/>
  </testcase> <!-- verifyTask -->
  <testcase classname="acti123.TestClassNG" name="verifyTime" time="0.0">
    <skipped/>
  </testcase> <!-- verifyTime -->
</testsuite> <!-- ChromeTest -->
