<?xml version="1.0" encoding="UTF-8"?>
<!-- Generated by org.testng.reporters.JUnitXMLReporter -->
<testsuite ignored="1" hostname="LAPTOP-31QF9S5P" failures="1" tests="4" name="Test" time="3.5" errors="0" timestamp="2022-02-28T12:02:27 IST">
  <testcase classname="acti123.TestClassPrac" name="test1111" time="0.01"/>
  <testcase classname="acti123.TestClassPrac" name="test2222" time="0.001"/>
  <testcase classname="acti123.TestClassNG" name="verifyTask" time="0.795"/>
  <testcase classname="acti123.TestClassNG" name="verifyTime" time="0.287">
    <failure type="java.lang.AssertionError" message="expected [true] but found [false]">
      <![CDATA[java.lang.AssertionError: expected [true] but found [false]
at acti123.TestClassNG.verifyTime(TestClassNG.java:57)
at java.base/java.util.ArrayList.forEach(ArrayList.java:1511)
... Removed 31 stack frames]]>
    </failure>
  </testcase> <!-- verifyTime -->
  <testcase classname="acti123.TestClassPrac" name="test3333" time="0.0">
    <ignored/>
  </testcase> <!-- test3333 -->
</testsuite> <!-- Test -->
